Using pre-set license
Built from '2022.3/release' branch; Version is '2022.3.12f1 (4fe6e059c7ef) revision 5236448'; Using compiler version '192829333'; Build Type 'Release'
OS: 'Windows 10  (10.0.19045) 64bit Core' Language: 'ru' Physical Memory: 16085 MB
BatchMode: 1, IsHumanControllingUs: 0, StartBugReporterOnCrash: 0, Is64bit: 1, IsPro: 1

COMMAND LINE ARGUMENTS:
C:\Program Files\Unity\Hub\Editor\2022.3.12f1\Editor\Unity.exe
-adb2
-batchMode
-noUpm
-name
AssetImportWorker2
-projectPath
C:/Users/Admin/Desktop/Unity/C# Quest The Path To Mastery/C# Quest The Path To Mastery
-logFile
Logs/AssetImportWorker2.log
-srvPort
51311
Successfully changed project path to: C:/Users/Admin/Desktop/Unity/C# Quest The Path To Mastery/C# Quest The Path To Mastery
C:/Users/Admin/Desktop/Unity/C# Quest The Path To Mastery/C# Quest The Path To Mastery
[UnityMemory] Configuration Parameters - Can be set up in boot.config
    "memorysetup-bucket-allocator-granularity=16"
    "memorysetup-bucket-allocator-bucket-count=8"
    "memorysetup-bucket-allocator-block-size=33554432"
    "memorysetup-bucket-allocator-block-count=8"
    "memorysetup-main-allocator-block-size=16777216"
    "memorysetup-thread-allocator-block-size=16777216"
    "memorysetup-gfx-main-allocator-block-size=16777216"
    "memorysetup-gfx-thread-allocator-block-size=16777216"
    "memorysetup-cache-allocator-block-size=4194304"
    "memorysetup-typetree-allocator-block-size=2097152"
    "memorysetup-profiler-bucket-allocator-granularity=16"
    "memorysetup-profiler-bucket-allocator-bucket-count=8"
    "memorysetup-profiler-bucket-allocator-block-size=33554432"
    "memorysetup-profiler-bucket-allocator-block-count=8"
    "memorysetup-profiler-allocator-block-size=16777216"
    "memorysetup-profiler-editor-allocator-block-size=1048576"
    "memorysetup-temp-allocator-size-main=16777216"
    "memorysetup-job-temp-allocator-block-size=2097152"
    "memorysetup-job-temp-allocator-block-size-background=1048576"
    "memorysetup-job-temp-allocator-reduction-small-platforms=262144"
    "memorysetup-allocator-temp-initial-block-size-main=262144"
    "memorysetup-allocator-temp-initial-block-size-worker=262144"
    "memorysetup-temp-allocator-size-background-worker=32768"
    "memorysetup-temp-allocator-size-job-worker=262144"
    "memorysetup-temp-allocator-size-preload-manager=33554432"
    "memorysetup-temp-allocator-size-nav-mesh-worker=65536"
    "memorysetup-temp-allocator-size-audio-worker=65536"
    "memorysetup-temp-allocator-size-cloud-worker=32768"
    "memorysetup-temp-allocator-size-gi-baking-worker=262144"
    "memorysetup-temp-allocator-size-gfx=262144"
Player connection [16668] Host "[IP] 26.164.65.99 [Port] 0 [Flags] 2 [Guid] 3213858704 [EditorId] 3213858704 [Version] 1048832 [Id] WindowsEditor(7,DESKTOP-CQU3KID) [Debug] 1 [PackageName] WindowsEditor [ProjectName] Editor" joined multi-casting on [225.0.0.222:54997]...

Player connection [16668] Host "[IP] 26.164.65.99 [Port] 0 [Flags] 2 [Guid] 3213858704 [EditorId] 3213858704 [Version] 1048832 [Id] WindowsEditor(7,DESKTOP-CQU3KID) [Debug] 1 [PackageName] WindowsEditor [ProjectName] Editor" joined alternative multi-casting on [225.0.0.222:34997]...

[Physics::Module] Initialized MultithreadedJobDispatcher with 11 workers.
Refreshing native plugins compatible for Editor in 10.76 ms, found 3 plugins.
Preloading 0 native plugins for Editor in 0.00 ms.
Initialize engine version: 2022.3.12f1 (4fe6e059c7ef)
[Subsystems] Discovering subsystems at path C:/Program Files/Unity/Hub/Editor/2022.3.12f1/Editor/Data/Resources/UnitySubsystems
[Subsystems] Discovering subsystems at path C:/Users/Admin/Desktop/Unity/C# Quest The Path To Mastery/C# Quest The Path To Mastery/Assets
GfxDevice: creating device client; threaded=0; jobified=0
Direct3D:
    Version:  Direct3D 11.0 [level 11.1]
    Renderer: NVIDIA GeForce RTX 3050 Laptop GPU (ID=0x25a2)
    Vendor:   NVIDIA
    VRAM:     3991 MB
    Driver:   30.0.15.1165
Initialize mono
Mono path[0] = 'C:/Program Files/Unity/Hub/Editor/2022.3.12f1/Editor/Data/Managed'
Mono path[1] = 'C:/Program Files/Unity/Hub/Editor/2022.3.12f1/Editor/Data/MonoBleedingEdge/lib/mono/unityjit-win32'
Mono config path = 'C:/Program Files/Unity/Hub/Editor/2022.3.12f1/Editor/Data/MonoBleedingEdge/etc'
Using monoOptions --debugger-agent=transport=dt_socket,embedding=1,server=y,suspend=n,address=127.0.0.1:56976
Begin MonoManager ReloadAssembly
Registering precompiled unity dll's ...
Register platform support module: C:/Program Files/Unity/Hub/Editor/2022.3.12f1/Editor/Data/PlaybackEngines/WebGLSupport/UnityEditor.WebGL.Extensions.dll
Register platform support module: C:/Program Files/Unity/Hub/Editor/2022.3.12f1/Editor/Data/PlaybackEngines/AndroidPlayer/UnityEditor.Android.Extensions.dll
Register platform support module: C:/Program Files/Unity/Hub/Editor/2022.3.12f1/Editor/Data/PlaybackEngines/WindowsStandaloneSupport/UnityEditor.WindowsStandalone.Extensions.dll
Registered in 0.011545 seconds.
- Loaded All Assemblies, in  0.340 seconds
Native extension for WindowsStandalone target not found
Native extension for Android target not found
Android Extension - Scanning For ADB Devices 1767 ms
Native extension for WebGL target not found
Mono: successfully reloaded assembly
- Finished resetting the current domain, in  2.055 seconds
Domain Reload Profiling: 2394ms
	BeginReloadAssembly (95ms)
		ExecutionOrderSort (0ms)
		DisableScriptedObjects (0ms)
		BackupInstance (0ms)
		ReleaseScriptingObjects (0ms)
		CreateAndSetChildDomain (1ms)
	RebuildCommonClasses (32ms)
	RebuildNativeTypeToScriptingClass (9ms)
	initialDomainReloadingComplete (56ms)
	LoadAllAssembliesAndSetupDomain (147ms)
		LoadAssemblies (94ms)
		RebuildTransferFunctionScriptingTraits (0ms)
		AnalyzeDomain (144ms)
			TypeCache.Refresh (143ms)
				TypeCache.ScanAssembly (130ms)
			ScanForSourceGeneratedMonoScriptInfo (0ms)
			ResolveRequiredComponents (0ms)
	FinalizeReload (2055ms)
		ReleaseScriptCaches (0ms)
		RebuildScriptCaches (0ms)
		SetupLoadedEditorAssemblies (2001ms)
			LogAssemblyErrors (0ms)
			InitializePlatformSupportModulesInManaged (1869ms)
			SetLoadedEditorAssemblies (3ms)
			RefreshPlugins (0ms)
			BeforeProcessingInitializeOnLoad (2ms)
			ProcessInitializeOnLoadAttributes (87ms)
			ProcessInitializeOnLoadMethodAttributes (40ms)
			AfterProcessingInitializeOnLoad (0ms)
			EditorAssembliesLoaded (0ms)
		ExecutionOrderSort2 (0ms)
		AwakeInstancesAfterBackupRestoration (0ms)
========================================================================
Worker process is ready to serve import requests
Begin MonoManager ReloadAssembly
- Loaded All Assemblies, in  0.573 seconds
Refreshing native plugins compatible for Editor in 2.35 ms, found 3 plugins.
Native extension for WindowsStandalone target not found
Native extension for Android target not found
Native extension for WebGL target not found
Package Manager log level set to [2]
[Package Manager] Server::EnsureServerProcessIsRunning -- launch failed, reason: Unity was launched with the -noUpm command-line argument
[Package Manager] UpmClient::Send -- Unable to send message (not connected to UPM process).
[Package Manager] Cannot connect to Unity Package Manager local server
Mono: successfully reloaded assembly
- Finished resetting the current domain, in  0.689 seconds
Domain Reload Profiling: 1260ms
	BeginReloadAssembly (136ms)
		ExecutionOrderSort (0ms)
		DisableScriptedObjects (5ms)
		BackupInstance (0ms)
		ReleaseScriptingObjects (0ms)
		CreateAndSetChildDomain (21ms)
	RebuildCommonClasses (32ms)
	RebuildNativeTypeToScriptingClass (9ms)
	initialDomainReloadingComplete (38ms)
	LoadAllAssembliesAndSetupDomain (354ms)
		LoadAssemblies (267ms)
		RebuildTransferFunctionScriptingTraits (0ms)
		AnalyzeDomain (169ms)
			TypeCache.Refresh (147ms)
				TypeCache.ScanAssembly (132ms)
			ScanForSourceGeneratedMonoScriptInfo (12ms)
			ResolveRequiredComponents (8ms)
	FinalizeReload (689ms)
		ReleaseScriptCaches (0ms)
		RebuildScriptCaches (0ms)
		SetupLoadedEditorAssemblies (542ms)
			LogAssemblyErrors (0ms)
			InitializePlatformSupportModulesInManaged (25ms)
			SetLoadedEditorAssemblies (4ms)
			RefreshPlugins (0ms)
			BeforeProcessingInitializeOnLoad (70ms)
			ProcessInitializeOnLoadAttributes (421ms)
			ProcessInitializeOnLoadMethodAttributes (18ms)
			AfterProcessingInitializeOnLoad (5ms)
			EditorAssembliesLoaded (0ms)
		ExecutionOrderSort2 (0ms)
		AwakeInstancesAfterBackupRestoration (6ms)
Launched and connected shader compiler UnityShaderCompiler.exe after 0.04 seconds
Refreshing native plugins compatible for Editor in 3.22 ms, found 3 plugins.
Preloading 0 native plugins for Editor in 0.00 ms.
Unloading 3092 Unused Serialized files (Serialized files now loaded: 0)
Unloading 32 unused Assets / (56.9 KB). Loaded Objects now: 3556.
Memory consumption went from 126.4 MB to 126.4 MB.
Total: 3.145500 ms (FindLiveObjects: 0.260400 ms CreateObjectMapping: 0.109600 ms MarkObjects: 2.565700 ms  DeleteObjects: 0.208400 ms)

AssetImportParameters requested are different than current active one (requested -> active):
  custom:container-demuxer-ogg: 62fdf1f143b41e24485cea50d1cbac27 -> 
  custom:video-decoder-ogg-theora: a1e56fd34408186e4bbccfd4996cb3dc -> 
  custom:framework-win-MediaFoundation: 216162199b28c13a410421893ffa2e32 -> 
  custom:container-demuxer-webm: 4f35f7cbe854078d1ac9338744f61a02 -> 
  custom:container-muxer-webm: aa71ff27fc2769a1b78a27578f13a17b -> 
  custom:video-decoder-webm-vp8: 9c59270c3fd7afecdb556c50c9e8de78 -> 
  custom:AudioImporter_EditorPlatform: d09bf68614088b80899f8185d706f6e7 -> 
  custom:video-encoder-webm-vp8: eb34c28f22e8b96e1ab97ce403110664 -> 
  custom:audio-decoder-ogg-vorbis: bf7c407c2cedff20999df2af8eb42d56 -> 
  custom:audio-encoder-webm-vorbis: bf7c407c2cedff20999df2af8eb42d56 -> 
========================================================================
Received Import Request.
  Time since last request: 88532.740493 seconds.
  path: Assets/TerrainData_6fd1cf91-fd6d-440d-976f-afb844fd41b3.asset
  artifactKey: Guid(eed74f50a4cc43944816c70201c52961) Importer(815301076,1909f56bfc062723c751e8b465ee728b)
Start importing Assets/TerrainData_6fd1cf91-fd6d-440d-976f-afb844fd41b3.asset using Guid(eed74f50a4cc43944816c70201c52961) Importer(815301076,1909f56bfc062723c751e8b465ee728b)  -> (artifact id: '5858cb271ae49da54758204c98799337') in 0.017842 seconds
Number of updated asset objects reloaded before import = 0
Number of asset objects unloaded after import = 1
========================================================================
Received Import Request.
  Time since last request: 0.000027 seconds.
  path: Assets/TerrainData_67f93341-0251-469e-9e01-a7d61fe83a13.asset
  artifactKey: Guid(e8fc3ab84d0f1f94fa2f0bb847e166cd) Importer(815301076,1909f56bfc062723c751e8b465ee728b)
Start importing Assets/TerrainData_67f93341-0251-469e-9e01-a7d61fe83a13.asset using Guid(e8fc3ab84d0f1f94fa2f0bb847e166cd) Importer(815301076,1909f56bfc062723c751e8b465ee728b)  -> (artifact id: '6a54a77a4eaf50f6c6fb3950ef00bfa2') in 0.005332 seconds
Number of updated asset objects reloaded before import = 0
Number of asset objects unloaded after import = 1
========================================================================
Received Import Request.
  Time since last request: 0.000015 seconds.
  path: Assets/TerrainData_5122e516-f2a8-428c-923e-f445b9e0358a.asset
  artifactKey: Guid(c3247ffc3aea2f9448090c1a505ef0b4) Importer(815301076,1909f56bfc062723c751e8b465ee728b)
Start importing Assets/TerrainData_5122e516-f2a8-428c-923e-f445b9e0358a.asset using Guid(c3247ffc3aea2f9448090c1a505ef0b4) Importer(815301076,1909f56bfc062723c751e8b465ee728b)  -> (artifact id: '36242f6bef6f59c2173f7a373e6f067d') in 0.004604 seconds
Number of updated asset objects reloaded before import = 0
Number of asset objects unloaded after import = 1
========================================================================
Received Import Request.
  Time since last request: 0.000015 seconds.
  path: Assets/TerrainData_7f6b1f43-c3a6-4844-91f7-b9f3386b3e9a.asset
  artifactKey: Guid(5ca07237ecaad4647b169b91fdb5839c) Importer(815301076,1909f56bfc062723c751e8b465ee728b)
Start importing Assets/TerrainData_7f6b1f43-c3a6-4844-91f7-b9f3386b3e9a.asset using Guid(5ca07237ecaad4647b169b91fdb5839c) Importer(815301076,1909f56bfc062723c751e8b465ee728b)  -> (artifact id: '2824f146fa38a696ca9df025caa76a75') in 0.004159 seconds
Number of updated asset objects reloaded before import = 0
Number of asset objects unloaded after import = 1
========================================================================
Received Prepare
Refreshing native plugins compatible for Editor in 2.06 ms, found 3 plugins.
Preloading 0 native plugins for Editor in 0.00 ms.
Unloading 0 Unused Serialized files (Serialized files now loaded: 0)
Unloading 3 unused Assets / (400.8 KB). Loaded Objects now: 3558.
Memory consumption went from 77.3 MB to 76.9 MB.
Total: 2.891300 ms (FindLiveObjects: 0.219900 ms CreateObjectMapping: 0.069800 ms MarkObjects: 2.410200 ms  DeleteObjects: 0.190900 ms)

Prepare: number of updated asset objects reloaded= 0
AssetImportParameters requested are different than current active one (requested -> active):
  custom:container-demuxer-ogg: 62fdf1f143b41e24485cea50d1cbac27 -> 
  custom:video-decoder-ogg-theora: a1e56fd34408186e4bbccfd4996cb3dc -> 
  custom:framework-win-MediaFoundation: 216162199b28c13a410421893ffa2e32 -> 
  custom:CustomObjectIndexerAttribute: 756ad292c208cfabdd7b50bc23989ffe -> 
  custom:container-demuxer-webm: 4f35f7cbe854078d1ac9338744f61a02 -> 
  custom:container-muxer-webm: aa71ff27fc2769a1b78a27578f13a17b -> 
  custom:video-decoder-webm-vp8: 9c59270c3fd7afecdb556c50c9e8de78 -> 
  custom:SearchIndexIgnoredProperties: e643bd26f0fe6173181afceb89e7c659 -> 
  custom:AudioImporter_EditorPlatform: d09bf68614088b80899f8185d706f6e7 -> 
  custom:video-encoder-webm-vp8: eb34c28f22e8b96e1ab97ce403110664 -> 
  custom:audio-decoder-ogg-vorbis: bf7c407c2cedff20999df2af8eb42d56 -> 
  custom:audio-encoder-webm-vorbis: bf7c407c2cedff20999df2af8eb42d56 -> 
========================================================================
Received Import Request.
  Time since last request: 6.320990 seconds.
  path: Assets/New Terrain 1.asset
  artifactKey: Guid(fdb030939bc4e374dae31e9d2ccb16a6) Importer(815301076,1909f56bfc062723c751e8b465ee728b)
Start importing Assets/New Terrain 1.asset using Guid(fdb030939bc4e374dae31e9d2ccb16a6) Importer(815301076,1909f56bfc062723c751e8b465ee728b)  -> (artifact id: 'b3816f7d058d16e872760191b039254a') in 0.007478 seconds
Number of updated asset objects reloaded before import = 0
Number of asset objects unloaded after import = 1
========================================================================
Received Import Request.
  Time since last request: 25.257802 seconds.
  path: Assets/TerrainData_a26621f8-e9f8-4878-843a-df40d9a44b22.asset
  artifactKey: Guid(66407a9afd4d1e84c9921d72a1c5c066) Importer(815301076,1909f56bfc062723c751e8b465ee728b)
Start importing Assets/TerrainData_a26621f8-e9f8-4878-843a-df40d9a44b22.asset using Guid(66407a9afd4d1e84c9921d72a1c5c066) Importer(815301076,1909f56bfc062723c751e8b465ee728b)  -> (artifact id: '2c9c6add6be79d3d999dd96d800fa650') in 0.004483 seconds
Number of updated asset objects reloaded before import = 0
Number of asset objects unloaded after import = 1
========================================================================
Received Import Request.
  Time since last request: 1.429913 seconds.
  path: Assets/TerrainData_ca59bb98-23a3-4954-af21-d24ea10a0bbe.asset
  artifactKey: Guid(45dbeda6f4c1ae749ac2379b19696f6f) Importer(815301076,1909f56bfc062723c751e8b465ee728b)
Start importing Assets/TerrainData_ca59bb98-23a3-4954-af21-d24ea10a0bbe.asset using Guid(45dbeda6f4c1ae749ac2379b19696f6f) Importer(815301076,1909f56bfc062723c751e8b465ee728b)  -> (artifact id: '1382c02f32bc217f960c7b6ea78cf3e1') in 0.004429 seconds
Number of updated asset objects reloaded before import = 0
Number of asset objects unloaded after import = 1
========================================================================
Received Import Request.
  Time since last request: 1.596669 seconds.
  path: Assets/TerrainData_e7af55c0-4d26-48da-bb2a-d784e8648823.asset
  artifactKey: Guid(48c23a4ee2acb2d439671cc029151164) Importer(815301076,1909f56bfc062723c751e8b465ee728b)
Start importing Assets/TerrainData_e7af55c0-4d26-48da-bb2a-d784e8648823.asset using Guid(48c23a4ee2acb2d439671cc029151164) Importer(815301076,1909f56bfc062723c751e8b465ee728b)  -> (artifact id: '389b9416203d1cf0be70acfb0a9c471e') in 0.004355 seconds
Number of updated asset objects reloaded before import = 0
Number of asset objects unloaded after import = 1
========================================================================
Received Import Request.
  Time since last request: 0.938588 seconds.
  path: Assets/TerrainData_ed21e43b-fe13-42b9-b072-033164350df2.asset
  artifactKey: Guid(922b5dbb3b7cf8b448f68911734ad6bb) Importer(815301076,1909f56bfc062723c751e8b465ee728b)
Start importing Assets/TerrainData_ed21e43b-fe13-42b9-b072-033164350df2.asset using Guid(922b5dbb3b7cf8b448f68911734ad6bb) Importer(815301076,1909f56bfc062723c751e8b465ee728b)  -> (artifact id: '1e57dca6e5377b56bf65cb46e32ba77a') in 0.004372 seconds
Number of updated asset objects reloaded before import = 0
Number of asset objects unloaded after import = 1
========================================================================
Received Import Request.
  Time since last request: 0.747391 seconds.
  path: Assets/TerrainData_fa2fd21b-ad9b-4236-806b-42d18f1b3708.asset
  artifactKey: Guid(ff0560d9b43c932448c49280acdd2bb6) Importer(815301076,1909f56bfc062723c751e8b465ee728b)
Start importing Assets/TerrainData_fa2fd21b-ad9b-4236-806b-42d18f1b3708.asset using Guid(ff0560d9b43c932448c49280acdd2bb6) Importer(815301076,1909f56bfc062723c751e8b465ee728b)  -> (artifact id: '4fa4ef3de4f071014834cdc54e044615') in 0.004465 seconds
Number of updated asset objects reloaded before import = 0
Number of asset objects unloaded after import = 1
========================================================================
Received Import Request.
  Time since last request: 7.612163 seconds.
  path: Assets/TerrainData_99569247-fc9b-474e-8fc2-09d56d87627a.asset
  artifactKey: Guid(e645bd056d171a1448c0be214abd6f27) Importer(815301076,1909f56bfc062723c751e8b465ee728b)
Start importing Assets/TerrainData_99569247-fc9b-474e-8fc2-09d56d87627a.asset using Guid(e645bd056d171a1448c0be214abd6f27) Importer(815301076,1909f56bfc062723c751e8b465ee728b)  -> (artifact id: '8e82a005e40de5de5ffda1464d50626b') in 0.004317 seconds
Number of updated asset objects reloaded before import = 0
Number of asset objects unloaded after import = 1
========================================================================
Received Import Request.
  Time since last request: 22.183880 seconds.
  path: Assets/Scenes
  artifactKey: Guid(ef19ca75f5841fd4d810d83605007763) Importer(815301076,1909f56bfc062723c751e8b465ee728b)
Start importing Assets/Scenes using Guid(ef19ca75f5841fd4d810d83605007763) Importer(815301076,1909f56bfc062723c751e8b465ee728b)  -> (artifact id: 'f50e31e1bc8c5e9b5add40239f9df266') in 0.000509 seconds
Number of updated asset objects reloaded before import = 0
Number of asset objects unloaded after import = 0
========================================================================
Received Import Request.
  Time since last request: 2.754173 seconds.
  path: Assets/Scenes/SampleScene.unity
  artifactKey: Guid(9fc0d4010bbf28b4594072e72b8655ab) Importer(815301076,1909f56bfc062723c751e8b465ee728b)
Start importing Assets/Scenes/SampleScene.unity using Guid(9fc0d4010bbf28b4594072e72b8655ab) Importer(815301076,1909f56bfc062723c751e8b465ee728b)  -> (artifact id: '2cac4c532bf8cc7f561add46b986d0af') in 0.000588 seconds
Number of updated asset objects reloaded before import = 0
Number of asset objects unloaded after import = 0
========================================================================
Received Import Request.
  Time since last request: 91.454751 seconds.
  path: Assets/New Terrain.asset
  artifactKey: Guid(85ba01fc6c28b804e82b3106e3e3615c) Importer(815301076,1909f56bfc062723c751e8b465ee728b)
Start importing Assets/New Terrain.asset using Guid(85ba01fc6c28b804e82b3106e3e3615c) Importer(815301076,1909f56bfc062723c751e8b465ee728b)  -> (artifact id: '4dfbca669755fa5723a4f8e07b04bbf2') in 0.005317 seconds
Number of updated asset objects reloaded before import = 0
Number of asset objects unloaded after import = 1
========================================================================
Received Import Request.
  Time since last request: 3.865187 seconds.
  path: Assets/TerrainData_072d08b4-20c1-4253-9543-61888c576060.asset
  artifactKey: Guid(9b9f12b6d7ad9a7469fef5abcbc08901) Importer(815301076,1909f56bfc062723c751e8b465ee728b)
Start importing Assets/TerrainData_072d08b4-20c1-4253-9543-61888c576060.asset using Guid(9b9f12b6d7ad9a7469fef5abcbc08901) Importer(815301076,1909f56bfc062723c751e8b465ee728b)  -> (artifact id: 'a5080e2eb71e96f13ff32151ae9d1371') in 0.004339 seconds
Number of updated asset objects reloaded before import = 0
Number of asset objects unloaded after import = 1
========================================================================
Received Import Request.
  Time since last request: 1.499571 seconds.
  path: Assets/TerrainData_06d190e5-510b-4571-8a93-587abfbf947e.asset
  artifactKey: Guid(d277054b31a98fe4e8e86ccd86457941) Importer(815301076,1909f56bfc062723c751e8b465ee728b)
Start importing Assets/TerrainData_06d190e5-510b-4571-8a93-587abfbf947e.asset using Guid(d277054b31a98fe4e8e86ccd86457941) Importer(815301076,1909f56bfc062723c751e8b465ee728b)  -> (artifact id: 'b1cfd6b5035fc4ad172a0fe0d11844b6') in 0.004381 seconds
Number of updated asset objects reloaded before import = 0
Number of asset objects unloaded after import = 1
========================================================================
Received Import Request.
  Time since last request: 0.851229 seconds.
  path: Assets/TerrainData_329695bd-b7c5-4c5e-a0c7-198b989eb14f.asset
  artifactKey: Guid(23f40f693c6e6af48a30df195fc384f0) Importer(815301076,1909f56bfc062723c751e8b465ee728b)
Start importing Assets/TerrainData_329695bd-b7c5-4c5e-a0c7-198b989eb14f.asset using Guid(23f40f693c6e6af48a30df195fc384f0) Importer(815301076,1909f56bfc062723c751e8b465ee728b)  -> (artifact id: '2fb7e8f79ad1e0f92d1d81f4eac1cf4d') in 0.004310 seconds
Number of updated asset objects reloaded before import = 0
Number of asset objects unloaded after import = 1
========================================================================
Received Import Request.
  Time since last request: 0.739421 seconds.
  path: Assets/TerrainData_2f38ed84-7e95-4468-815d-744504f0c1a5.asset
  artifactKey: Guid(b062bb15acc4a9c4ab3d5afe6fb72aaa) Importer(815301076,1909f56bfc062723c751e8b465ee728b)
Start importing Assets/TerrainData_2f38ed84-7e95-4468-815d-744504f0c1a5.asset using Guid(b062bb15acc4a9c4ab3d5afe6fb72aaa) Importer(815301076,1909f56bfc062723c751e8b465ee728b)  -> (artifact id: '4a691519c787b9f2915ab61b475f71f2') in 0.004326 seconds
Number of updated asset objects reloaded before import = 0
Number of asset objects unloaded after import = 1
========================================================================
Received Import Request.
  Time since last request: 1.267799 seconds.
  path: Assets/TerrainData_0c5ed726-06c5-4a05-8159-3b44cfcd3d20.asset
  artifactKey: Guid(5ae9cf0b884b73d41b5f39243abda94f) Importer(815301076,1909f56bfc062723c751e8b465ee728b)
Start importing Assets/TerrainData_0c5ed726-06c5-4a05-8159-3b44cfcd3d20.asset using Guid(5ae9cf0b884b73d41b5f39243abda94f) Importer(815301076,1909f56bfc062723c751e8b465ee728b)  -> (artifact id: '463805c0931174f2883440ab0a58b1b7') in 0.004316 seconds
Number of updated asset objects reloaded before import = 0
Number of asset objects unloaded after import = 1
========================================================================
Received Import Request.
  Time since last request: 1.007412 seconds.
  path: Assets/TerrainData_02df4be6-36b1-482c-aff3-d456b5e4910e.asset
  artifactKey: Guid(27eeb52868e25fb43b0b8a669815833c) Importer(815301076,1909f56bfc062723c751e8b465ee728b)
Start importing Assets/TerrainData_02df4be6-36b1-482c-aff3-d456b5e4910e.asset using Guid(27eeb52868e25fb43b0b8a669815833c) Importer(815301076,1909f56bfc062723c751e8b465ee728b)  -> (artifact id: '8e1a0cd79a0964ec8ceb57df452ec73a') in 0.004303 seconds
Number of updated asset objects reloaded before import = 0
Number of asset objects unloaded after import = 1
========================================================================
Received Import Request.
  Time since last request: 0.999673 seconds.
  path: Assets/TerrainData_a4f2ae85-e59c-4fa4-96a0-50877f6c0f9a.asset
  artifactKey: Guid(480ba3c49e4a3c94187dfdbce7f05870) Importer(815301076,1909f56bfc062723c751e8b465ee728b)
Start importing Assets/TerrainData_a4f2ae85-e59c-4fa4-96a0-50877f6c0f9a.asset using Guid(480ba3c49e4a3c94187dfdbce7f05870) Importer(815301076,1909f56bfc062723c751e8b465ee728b)  -> (artifact id: '164f95bbdb9d920899dcb8d04e517d5b') in 0.004298 seconds
Number of updated asset objects reloaded before import = 0
Number of asset objects unloaded after import = 1
========================================================================
Received Import Request.
  Time since last request: 0.860683 seconds.
  path: Assets/TerrainData_2c1637da-23f8-463b-92bd-086e420cc8ae.asset
  artifactKey: Guid(8f938734281e24544abcbab7f952bfcf) Importer(815301076,1909f56bfc062723c751e8b465ee728b)
Start importing Assets/TerrainData_2c1637da-23f8-463b-92bd-086e420cc8ae.asset using Guid(8f938734281e24544abcbab7f952bfcf) Importer(815301076,1909f56bfc062723c751e8b465ee728b)  -> (artifact id: 'e6ada5678d8a4db8e54dbf783006c090') in 0.004534 seconds
Number of updated asset objects reloaded before import = 0
Number of asset objects unloaded after import = 1
========================================================================
Received Import Request.
  Time since last request: 14.590123 seconds.
  path: Assets/TerrainData_97ca5cf1-6848-4987-b814-38b5e794ded2.asset
  artifactKey: Guid(9754f069a84930444b25ea62d0a7c6e5) Importer(815301076,1909f56bfc062723c751e8b465ee728b)
Start importing Assets/TerrainData_97ca5cf1-6848-4987-b814-38b5e794ded2.asset using Guid(9754f069a84930444b25ea62d0a7c6e5) Importer(815301076,1909f56bfc062723c751e8b465ee728b)  -> (artifact id: '95eb4768dcae62305ed377ac71f7fe44') in 0.004401 seconds
Number of updated asset objects reloaded before import = 0
Number of asset objects unloaded after import = 1
========================================================================
Received Import Request.
  Time since last request: 1.158268 seconds.
  path: Assets/TerrainData_0b246be7-3e3b-4157-a62b-7a71350b6ffa.asset
  artifactKey: Guid(31a2a2a923c655b4eb1100d02074cdfb) Importer(815301076,1909f56bfc062723c751e8b465ee728b)
Start importing Assets/TerrainData_0b246be7-3e3b-4157-a62b-7a71350b6ffa.asset using Guid(31a2a2a923c655b4eb1100d02074cdfb) Importer(815301076,1909f56bfc062723c751e8b465ee728b)  -> (artifact id: 'f74975111df22546dad0e2b4aa10a340') in 0.004527 seconds
Number of updated asset objects reloaded before import = 0
Number of asset objects unloaded after import = 1
========================================================================
Received Import Request.
  Time since last request: 0.859470 seconds.
  path: Assets/TerrainData_240b3111-0d11-4a61-8ec1-f8f210810444.asset
  artifactKey: Guid(e892f41c3affc7d4d99f4279876bac17) Importer(815301076,1909f56bfc062723c751e8b465ee728b)
Start importing Assets/TerrainData_240b3111-0d11-4a61-8ec1-f8f210810444.asset using Guid(e892f41c3affc7d4d99f4279876bac17) Importer(815301076,1909f56bfc062723c751e8b465ee728b)  -> (artifact id: 'cf444cc72451657e837d61416825b01a') in 0.004451 seconds
Number of updated asset objects reloaded before import = 0
Number of asset objects unloaded after import = 1
========================================================================
Received Import Request.
  Time since last request: 0.805895 seconds.
  path: Assets/TerrainData_6517a84e-7b2b-4897-806f-b5260dcb9e72.asset
  artifactKey: Guid(be59d25d1d0a7fa4892947f80fd708dc) Importer(815301076,1909f56bfc062723c751e8b465ee728b)
Start importing Assets/TerrainData_6517a84e-7b2b-4897-806f-b5260dcb9e72.asset using Guid(be59d25d1d0a7fa4892947f80fd708dc) Importer(815301076,1909f56bfc062723c751e8b465ee728b)  -> (artifact id: 'c107b03985dbd5031cb641c965dea59b') in 0.004429 seconds
Number of updated asset objects reloaded before import = 0
Number of asset objects unloaded after import = 1
========================================================================
Received Import Request.
  Time since last request: 2.496162 seconds.
  path: Assets/TerrainData_53cc08a2-7fb9-4927-a02b-b85f500e818e.asset
  artifactKey: Guid(d54466885723bdb4f8773ce6ea6547f0) Importer(815301076,1909f56bfc062723c751e8b465ee728b)
Start importing Assets/TerrainData_53cc08a2-7fb9-4927-a02b-b85f500e818e.asset using Guid(d54466885723bdb4f8773ce6ea6547f0) Importer(815301076,1909f56bfc062723c751e8b465ee728b)  -> (artifact id: '742c0fd9aa88fc0a7f57264f4a1ca32a') in 0.004542 seconds
Number of updated asset objects reloaded before import = 0
Number of asset objects unloaded after import = 1
